<?xml version="1.0" encoding="UTF-8" ?>
<testsuite tests="1" failures="1" name="Org.Project.SpiceJet_Test.HomePageTest" time="41.123" errors="0" skipped="0">
  <properties>
    <property name="java.vendor" value="Oracle Corporation"/>
    <property name="JOB_NAME" value="SpiceJetJob"/>
    <property name="sun.java.launcher" value="SUN_STANDARD"/>
    <property name="NUMBER_OF_PROCESSORS" value="4"/>
    <property name="sun.management.compiler" value="HotSpot 64-Bit Tiered Compilers"/>
    <property name="JENKINS_HOME" value="C:\Users\Vishnu P C\.jenkins"/>
    <property name="HUDSON_SERVER_COOKIE" value="0b17db71ef085a75"/>
    <property name="POM_ARTIFACTID" value="Spicejet"/>
    <property name="os.name" value="Windows 8.1"/>
    <property name="sun.boot.class.path" value="C:\Program Files\Java\jdk1.8.0_60\jre\lib\resources.jar;C:\Program Files\Java\jdk1.8.0_60\jre\lib\rt.jar;C:\Program Files\Java\jdk1.8.0_60\jre\lib\sunrsasign.jar;C:\Program Files\Java\jdk1.8.0_60\jre\lib\jsse.jar;C:\Program Files\Java\jdk1.8.0_60\jre\lib\jce.jar;C:\Program Files\Java\jdk1.8.0_60\jre\lib\charsets.jar;C:\Program Files\Java\jdk1.8.0_60\jre\lib\jfr.jar;C:\Program Files\Java\jdk1.8.0_60\jre\classes"/>
    <property name="EXECUTOR_NUMBER" value="1"/>
    <property name="sun.desktop" value="windows"/>
    <property name="PATHEXT" value=".COM;.EXE;.BAT;.CMD;.VBS;.VBE;.JS;.JSE;.WSF;.WSH;.MSC"/>
    <property name="java.vm.specification.vendor" value="Oracle Corporation"/>
    <property name="POM_DISPLAYNAME" value="Spicejet"/>
    <property name="NODE_LABELS" value="master"/>
    <property name="TEMP" value="C:\Users\VISHNU~1\AppData\Local\Temp"/>
    <property name="java.runtime.version" value="1.8.0_60-b27"/>
    <property name="user.name" value="Vishnu P C"/>
    <property name="guice.disable.misplaced.annotation.check" value="true"/>
    <property name="CommonProgramW6432" value="C:\Program Files\Common Files"/>
    <property name="ProgramFiles" value="C:\Program Files"/>
    <property name="PROMPT" value="$P$G"/>
    <property name="user.language" value="en"/>
    <property name="JOB_BASE_NAME" value="SpiceJetJob"/>
    <property name="BUILD_DISPLAY_NAME" value="#5"/>
    <property name="sun.boot.library.path" value="C:\Program Files\Java\jdk1.8.0_60\jre\bin"/>
    <property name="LOCALAPPDATA" value="C:\Users\Vishnu P C\AppData\Local"/>
    <property name="java.version" value="1.8.0_60"/>
    <property name="PROCESSOR_LEVEL" value="6"/>
    <property name="user.timezone" value="Asia/Calcutta"/>
    <property name="USERNAME" value="Vishnu P C"/>
    <property name="sun.arch.data.model" value="64"/>
    <property name="NODE_NAME" value="master"/>
    <property name="java.endorsed.dirs" value="C:\Program Files\Java\jdk1.8.0_60\jre\lib\endorsed"/>
    <property name="BUILD_ID" value="5"/>
    <property name="sun.cpu.isalist" value="amd64"/>
    <property name="sun.jnu.encoding" value="Cp1252"/>
    <property name="file.encoding.pkg" value="sun.io"/>
    <property name="file.separator" value="\"/>
    <property name="java.specification.name" value="Java Platform API Specification"/>
    <property name="HOMEDRIVE" value="C:"/>
    <property name="java.class.version" value="52.0"/>
    <property name="=::" value="::\"/>
    <property name="org.slf4j.simpleLogger.defaultLogLevel" value="info"/>
    <property name="user.country" value="US"/>
    <property name="ALLUSERSPROFILE" value="C:\ProgramData"/>
    <property name="java.home" value="C:\Program Files\Java\jdk1.8.0_60\jre"/>
    <property name="java.vm.info" value="mixed mode"/>
    <property name="os.version" value="6.3"/>
    <property name="=ExitCode" value="00000000"/>
    <property name="POM_VERSION" value="0.0.1-SNAPSHOT"/>
    <property name="TMP" value="C:\Users\VISHNU~1\AppData\Local\Temp"/>
    <property name="path.separator" value=";"/>
    <property name="java.vm.version" value="25.60-b23"/>
    <property name="AMDAPPSDKROOT" value="C:\Program Files (x86)\AMD APP\"/>
    <property name="user.variant" value=""/>
    <property name="CommonProgramFiles(x86)" value="C:\Program Files (x86)\Common Files"/>
    <property name="USERDOMAIN_ROAMINGPROFILE" value="Vishnu"/>
    <property name="java.awt.printerjob" value="sun.awt.windows.WPrinterJob"/>
    <property name="FP_NO_HOST_CHECK" value="NO"/>
    <property name="JAVA_HOME" value="C:\Program Files\Java\jdk1.8.0_60"/>
    <property name="sun.io.unicode.encoding" value="UnicodeLittle"/>
    <property name="CommonProgramFiles" value="C:\Program Files\Common Files"/>
    <property name="ComSpec" value="C:\WINDOWS\system32\cmd.exe"/>
    <property name="HOMEPATH" value="\Users\Vishnu P C"/>
    <property name="awt.toolkit" value="sun.awt.windows.WToolkit"/>
    <property name="POM_PACKAGING" value="jar"/>
    <property name="COMPUTERNAME" value="VISHNU"/>
    <property name="user.script" value=""/>
    <property name="POM_GROUPID" value="Spicejet"/>
    <property name="user.home" value="C:\Users\Vishnu P C"/>
    <property name="PUBLIC" value="C:\Users\Public"/>
    <property name="BUILD_TAG" value="jenkins-SpiceJetJob-5"/>
    <property name="JENKINS_SERVER_COOKIE" value="0b17db71ef085a75"/>
    <property name="HUDSON_URL" value="http://localhost:8082/"/>
    <property name="ProgramData" value="C:\ProgramData"/>
    <property name="java.specification.vendor" value="Oracle Corporation"/>
    <property name="USERPROFILE" value="C:\Users\Vishnu P C"/>
    <property name="CLASSPATH" value=""/>
    <property name="java.vendor.url" value="http://java.oracle.com/"/>
    <property name="java.library.path" value="C:\Program Files\Java\jdk1.8.0_60\bin;C:\WINDOWS\Sun\Java\bin;C:\WINDOWS\system32;C:\WINDOWS;D:\MyJava\apache-maven-3.3.3/bin;C:\Program Files\Java\jdk1.8.0_60/bin;C:\Program Files\Java\jdk1.8.0_60/bin;C:\oraclexe\app\oracle\product\10.2.0\server\bin;C:\Program Files (x86)\AMD APP\bin\x86_64;C:\Program Files (x86)\AMD APP\bin\x86;C:\Program Files (x86)\Intel\iCLS Client\;C:\Program Files\Intel\iCLS Client\;C:\WINDOWS\system32;C:\WINDOWS;C:\WINDOWS\System32\Wbem;C:\WINDOWS\System32\WindowsPowerShell\v1.0\;C:\Program Files\Intel\Intel(R) Management Engine Components\DAL;C:\Program Files\Intel\Intel(R) Management Engine Components\IPT;C:\Program Files (x86)\Intel\Intel(R) Management Engine Components\DAL;C:\Program Files (x86)\Intel\Intel(R) Management Engine Components\IPT;C:\Program Files (x86)\Intel\OpenCL SDK\2.0\bin\x86;C:\Program Files (x86)\Intel\OpenCL SDK\2.0\bin\x64;C:\Program Files (x86)\ATI Technologies\ATI.ACE\Core-Static;C:\Program Files (x86)\Microsoft SQL Server\100\Tools\Binn\;C:\Program Files\Microsoft SQL Server\100\Tools\Binn\;C:\Program Files\Microsoft SQL Server\100\DTS\Binn\;C:\Program Files (x86)\Microsoft SQL Server\100\Tools\Binn\VSShell\Common7\IDE\;C:\Program Files (x86)\Microsoft Visual Studio 9.0\Common7\IDE\PrivateAssemblies\;C:\Program Files (x86)\Microsoft SQL Server\100\DTS\Binn\;C:\Program Files\Java\jdk1.8.0_60\bin;C:\Program Files\Intel\WiFi\bin\;C:\Program Files\Common Files\Intel\WirelessCommon\;D:\MyJava\apache-maven-3.3.3\bin;C:\Program Files\Java\jdk1.8.0_60\bin;C:\Program Files (x86)\Common Files\lenovo\easyplussdk\bin;C:\Program Files (x86)\Skype\Phone\;C:\Program Files\Git\cmd;."/>
    <property name="CLASS_PATH" value="C:\Program Files\Java\jdk1.8.0_60\lib;"/>
    <property name="java.vm.vendor" value="Oracle Corporation"/>
    <property name="APPDATA" value="C:\Users\Vishnu P C\AppData\Roaming"/>
    <property name="java.runtime.name" value="Java(TM) SE Runtime Environment"/>
    <property name="maven.home" value="D:\MyJava\apache-maven-3.3.3"/>
    <property name="java.class.path" value="C:\Users\Vishnu P C\.jenkins\plugins\maven-plugin\WEB-INF\lib\maven31-agent-1.5.jar;D:\MyJava\apache-maven-3.3.3\boot\plexus-classworlds-2.5.2.jar;D:\MyJava\apache-maven-3.3.3/conf/logging"/>
    <property name="sun.java.command" value="jenkins.maven3.agent.Maven31Main D:\MyJava\apache-maven-3.3.3 C:\Users\Vishnu P C\.jenkins\war\WEB-INF\lib\remoting-3.4.1.jar C:\Users\Vishnu P C\.jenkins\plugins\maven-plugin\WEB-INF\lib\maven31-interceptor-1.5.jar C:\Users\Vishnu P C\.jenkins\plugins\maven-plugin\WEB-INF\lib\maven3-interceptor-commons-1.5.jar 51207"/>
    <property name="Path" value="C:\Program Files\Java\jdk1.8.0_60/bin;C:\oraclexe\app\oracle\product\10.2.0\server\bin;C:\Program Files (x86)\AMD APP\bin\x86_64;C:\Program Files (x86)\AMD APP\bin\x86;C:\Program Files (x86)\Intel\iCLS Client\;C:\Program Files\Intel\iCLS Client\;C:\WINDOWS\system32;C:\WINDOWS;C:\WINDOWS\System32\Wbem;C:\WINDOWS\System32\WindowsPowerShell\v1.0\;C:\Program Files\Intel\Intel(R) Management Engine Components\DAL;C:\Program Files\Intel\Intel(R) Management Engine Components\IPT;C:\Program Files (x86)\Intel\Intel(R) Management Engine Components\DAL;C:\Program Files (x86)\Intel\Intel(R) Management Engine Components\IPT;C:\Program Files (x86)\Intel\OpenCL SDK\2.0\bin\x86;C:\Program Files (x86)\Intel\OpenCL SDK\2.0\bin\x64;C:\Program Files (x86)\ATI Technologies\ATI.ACE\Core-Static;C:\Program Files (x86)\Microsoft SQL Server\100\Tools\Binn\;C:\Program Files\Microsoft SQL Server\100\Tools\Binn\;C:\Program Files\Microsoft SQL Server\100\DTS\Binn\;C:\Program Files (x86)\Microsoft SQL Server\100\Tools\Binn\VSShell\Common7\IDE\;C:\Program Files (x86)\Microsoft Visual Studio 9.0\Common7\IDE\PrivateAssemblies\;C:\Program Files (x86)\Microsoft SQL Server\100\DTS\Binn\;C:\Program Files\Java\jdk1.8.0_60\bin;C:\Program Files\Intel\WiFi\bin\;C:\Program Files\Common Files\Intel\WirelessCommon\;D:\MyJava\apache-maven-3.3.3\bin;C:\Program Files\Java\jdk1.8.0_60\bin;C:\Program Files (x86)\Common Files\lenovo\easyplussdk\bin;C:\Program Files (x86)\Skype\Phone\;C:\Program Files\Git\cmd"/>
    <property name="java.vm.specification.name" value="Java Virtual Machine Specification"/>
    <property name="PROCESSOR_ARCHITECTURE" value="AMD64"/>
    <property name="PATH+JDK" value="C:\Program Files\Java\jdk1.8.0_60/bin"/>
    <property name="PROCESSOR_IDENTIFIER" value="Intel64 Family 6 Model 58 Stepping 9, GenuineIntel"/>
    <property name="SESSIONNAME" value="Console"/>
    <property name="java.vm.specification.version" value="1.8"/>
    <property name="sun.os.patch.level" value=""/>
    <property name="sun.cpu.endian" value="little"/>
    <property name="M2_HOME" value="D:\MyJava\apache-maven-3.3.3"/>
    <property name="java.io.tmpdir" value="C:\Users\VISHNU~1\AppData\Local\Temp\"/>
    <property name="OS" value="Windows_NT"/>
    <property name="HUDSON_HOME" value="C:\Users\Vishnu P C\.jenkins"/>
    <property name="PATH+MAVEN" value="D:\MyJava\apache-maven-3.3.3/bin"/>
    <property name="ProgramFiles(x86)" value="C:\Program Files (x86)"/>
    <property name="BUILD_URL" value="http://localhost:8082/job/SpiceJetJob/5/"/>
    <property name="java.vendor.url.bug" value="http://bugreport.sun.com/bugreport/"/>
    <property name="java.awt.graphicsenv" value="sun.awt.Win32GraphicsEnvironment"/>
    <property name="os.arch" value="amd64"/>
    <property name="SystemRoot" value="C:\WINDOWS"/>
    <property name="java.ext.dirs" value="C:\Program Files\Java\jdk1.8.0_60\jre\lib\ext;C:\WINDOWS\Sun\Java\lib\ext"/>
    <property name="user.dir" value="C:\Users\Vishnu P C\workspace\Spicejet"/>
    <property name="JOB_URL" value="http://localhost:8082/job/SpiceJetJob/"/>
    <property name="LOGONSERVER" value="\\VISHNU"/>
    <property name="USERDOMAIN" value="Vishnu"/>
    <property name="line.separator" value="
"/>
    <property name="MAVEN_HOME" value="D:\MyJava\apache-maven-3.3.3"/>
    <property name="java.vm.name" value="Java HotSpot(TM) 64-Bit Server VM"/>
    <property name="BUILD_NUMBER" value="5"/>
    <property name="JENKINS_URL" value="http://localhost:8082/"/>
    <property name="PROCESSOR_REVISION" value="3a09"/>
    <property name="ProgramW6432" value="C:\Program Files"/>
    <property name="windir" value="C:\WINDOWS"/>
    <property name="=C:" value="C:\Users\Vishnu P C\Downloads"/>
    <property name="file.encoding" value="Cp1252"/>
    <property name="SystemDrive" value="C:"/>
    <property name="maven3.interceptor" value="C:\Users\Vishnu P C\.jenkins\plugins\maven-plugin\WEB-INF\lib\maven31-interceptor-1.5.jar"/>
    <property name="WORKSPACE" value="C:\Users\Vishnu P C\.jenkins\jobs\SpiceJetJob\workspace"/>
    <property name="maven3.interceptor.common" value="C:\Users\Vishnu P C\.jenkins\plugins\maven-plugin\WEB-INF\lib\maven3-interceptor-commons-1.5.jar"/>
    <property name="java.specification.version" value="1.8"/>
    <property name="PSModulePath" value="C:\WINDOWS\system32\WindowsPowerShell\v1.0\Modules\"/>
    <property name="easyplussdk" value="&quot;C:\Program Files (x86)\Common Files\lenovo\easyplussdk\bin&quot;"/>
  </properties>
  <testcase classname="Org.Project.SpiceJet_Test.HomePageTest" name="verifyAllState" time="41.123">
    <failure message="Element is not visible (WARNING: The server did not provide any stacktrace information)
Command duration or timeout: 16 milliseconds
Build info: version: &apos;unknown&apos;, revision: &apos;31c43c8&apos;, time: &apos;2016-08-02 21:57:56 -0700&apos;
System info: host: &apos;Vishnu&apos;, ip: &apos;192.168.1.6&apos;, os.name: &apos;Windows 8.1&apos;, os.arch: &apos;amd64&apos;, os.version: &apos;6.3&apos;, java.version: &apos;1.8.0_60&apos;
Driver info: org.openqa.selenium.firefox.FirefoxDriver
Capabilities [{rotatable=false, raisesAccessibilityExceptions=false, appBuildId=20160726073904, version=, platform=XP, proxy={}, command_id=1, specificationLevel=0, acceptSslCerts=false, browserVersion=48.0, platformVersion=6.3, XULappId={ec8030f7-c20a-464f-9b0e-13a3a9e97384}, browserName=Firefox, takesScreenshot=true, takesElementScreenshot=true, platformName=Windows_NT, device=desktop}]
Session ID: fa70aaed-0147-48e7-ba28-8edfe4164847" type="org.openqa.selenium.ElementNotVisibleException">org.openqa.selenium.ElementNotVisibleException: Element is not visible (WARNING: The server did not provide any stacktrace information)
Command duration or timeout: 16 milliseconds
Build info: version: &apos;unknown&apos;, revision: &apos;31c43c8&apos;, time: &apos;2016-08-02 21:57:56 -0700&apos;
System info: host: &apos;Vishnu&apos;, ip: &apos;192.168.1.6&apos;, os.name: &apos;Windows 8.1&apos;, os.arch: &apos;amd64&apos;, os.version: &apos;6.3&apos;, java.version: &apos;1.8.0_60&apos;
Driver info: org.openqa.selenium.firefox.FirefoxDriver
Capabilities [{rotatable=false, raisesAccessibilityExceptions=false, appBuildId=20160726073904, version=, platform=XP, proxy={}, command_id=1, specificationLevel=0, acceptSslCerts=false, browserVersion=48.0, platformVersion=6.3, XULappId={ec8030f7-c20a-464f-9b0e-13a3a9e97384}, browserName=Firefox, takesScreenshot=true, takesElementScreenshot=true, platformName=Windows_NT, device=desktop}]
Session ID: fa70aaed-0147-48e7-ba28-8edfe4164847
	at sun.reflect.NativeConstructorAccessorImpl.newInstance0(Native Method)
	at sun.reflect.NativeConstructorAccessorImpl.newInstance(NativeConstructorAccessorImpl.java:62)
	at sun.reflect.DelegatingConstructorAccessorImpl.newInstance(DelegatingConstructorAccessorImpl.java:45)
	at java.lang.reflect.Constructor.newInstance(Constructor.java:422)
	at org.openqa.selenium.remote.ErrorHandler.createThrowable(ErrorHandler.java:206)
	at org.openqa.selenium.remote.ErrorHandler.throwIfResponseFailed(ErrorHandler.java:158)
	at org.openqa.selenium.remote.RemoteWebDriver.execute(RemoteWebDriver.java:683)
	at org.openqa.selenium.remote.RemoteWebElement.execute(RemoteWebElement.java:319)
	at org.openqa.selenium.remote.RemoteWebElement.click(RemoteWebElement.java:85)
	at Org.Project.SpicejetPageObjects.Homepage_Objects.selectState(Homepage_Objects.java:48)
	at Org.Project.SpiceJet_Test.HomePageTest.verifyAllState(HomePageTest.java:50)
</failure>
    <system-out>Configuring TestNG with: org.apache.maven.surefire.testng.conf.TestNG652Configurator@7960847b
</system-out>
    <system-err>[GFX1-]: PossiblyBrokenSurfaceSharing_UnexpectedAMDGPU
[GFX1-]: PossiblyBrokenSurfaceSharing_UnexpectedAMDGPU
1487512539697	Marionette	INFO	Listening on port 51257
[GFX1-]: PossiblyBrokenSurfaceSharing_UnexpectedAMDGPU
[GFX1-]: PossiblyBrokenSurfaceSharing_UnexpectedAMDGPU
1487512544362	Marionette	INFO	startBrowser fa70aaed-0147-48e7-ba28-8edfe4164847
1487512544377	Marionette	INFO	sendAsync fa70aaed-0147-48e7-ba28-8edfe4164847
1487512545491	Marionette	INFO	sendAsync fa70aaed-0147-48e7-ba28-8edfe4164847
1487512545629	Marionette	INFO	sendAsync fa70aaed-0147-48e7-ba28-8edfe4164847
JavaScript warning: http://spicejet.com/, line 1977: SyntaxError: 09 is not a legal ECMA-262 octal constant
JavaScript warning: http://spicejet.com/, line 1977: SyntaxError: 09 is not a legal ECMA-262 octal constant
1487512551212	Marionette	INFO	sendAsync fa70aaed-0147-48e7-ba28-8edfe4164847
1487512551231	Marionette	INFO	sendAsync fa70aaed-0147-48e7-ba28-8edfe4164847
1487512551321	Marionette	INFO	sendAsync fa70aaed-0147-48e7-ba28-8edfe4164847
1487512551356	Marionette	INFO	sendAsync fa70aaed-0147-48e7-ba28-8edfe4164847
1487512551374	Marionette	INFO	sendAsync fa70aaed-0147-48e7-ba28-8edfe4164847
1487512551389	Marionette	INFO	sendAsync fa70aaed-0147-48e7-ba28-8edfe4164847
1487512551413	Marionette	INFO	sendAsync fa70aaed-0147-48e7-ba28-8edfe4164847
1487512551426	Marionette	INFO	sendAsync fa70aaed-0147-48e7-ba28-8edfe4164847
1487512551442	Marionette	INFO	sendAsync fa70aaed-0147-48e7-ba28-8edfe4164847
1487512551452	Marionette	INFO	sendAsync fa70aaed-0147-48e7-ba28-8edfe4164847
1487512551471	Marionette	INFO	sendAsync fa70aaed-0147-48e7-ba28-8edfe4164847
1487512553552	Marionette	INFO	sendAsync fa70aaed-0147-48e7-ba28-8edfe4164847
1487512555602	Marionette	INFO	sendAsync fa70aaed-0147-48e7-ba28-8edfe4164847
1487512555648	Marionette	INFO	sendAsync fa70aaed-0147-48e7-ba28-8edfe4164847
1487512555705	Marionette	INFO	sendAsync fa70aaed-0147-48e7-ba28-8edfe4164847
1487512555721	Marionette	INFO	sendAsync fa70aaed-0147-48e7-ba28-8edfe4164847
1487512555744	Marionette	INFO	sendAsync fa70aaed-0147-48e7-ba28-8edfe4164847
1487512555753	Marionette	INFO	sendAsync fa70aaed-0147-48e7-ba28-8edfe4164847
1487512555774	Marionette	INFO	sendAsync fa70aaed-0147-48e7-ba28-8edfe4164847
1487512555782	Marionette	INFO	sendAsync fa70aaed-0147-48e7-ba28-8edfe4164847
1487512555801	Marionette	INFO	sendAsync fa70aaed-0147-48e7-ba28-8edfe4164847
1487512555812	Marionette	INFO	sendAsync fa70aaed-0147-48e7-ba28-8edfe4164847
1487512555821	Marionette	INFO	sendAsync fa70aaed-0147-48e7-ba28-8edfe4164847
1487512555830	Marionette	INFO	sendAsync fa70aaed-0147-48e7-ba28-8edfe4164847
1487512555853	Marionette	INFO	sendAsync fa70aaed-0147-48e7-ba28-8edfe4164847
1487512555862	Marionette	INFO	sendAsync fa70aaed-0147-48e7-ba28-8edfe4164847
1487512555877	Marionette	INFO	sendAsync fa70aaed-0147-48e7-ba28-8edfe4164847
1487512555884	Marionette	INFO	sendAsync fa70aaed-0147-48e7-ba28-8edfe4164847
1487512555902	Marionette	INFO	sendAsync fa70aaed-0147-48e7-ba28-8edfe4164847
1487512555912	Marionette	INFO	sendAsync fa70aaed-0147-48e7-ba28-8edfe4164847
1487512555921	Marionette	INFO	sendAsync fa70aaed-0147-48e7-ba28-8edfe4164847
1487512555928	Marionette	INFO	sendAsync fa70aaed-0147-48e7-ba28-8edfe4164847
1487512555943	Marionette	INFO	sendAsync fa70aaed-0147-48e7-ba28-8edfe4164847
1487512555951	Marionette	INFO	sendAsync fa70aaed-0147-48e7-ba28-8edfe4164847
1487512555969	Marionette	INFO	sendAsync fa70aaed-0147-48e7-ba28-8edfe4164847
1487512555979	Marionette	INFO	sendAsync fa70aaed-0147-48e7-ba28-8edfe4164847
1487512555996	Marionette	INFO	sendAsync fa70aaed-0147-48e7-ba28-8edfe4164847
1487512556005	Marionette	INFO	sendAsync fa70aaed-0147-48e7-ba28-8edfe4164847
1487512556013	Marionette	INFO	sendAsync fa70aaed-0147-48e7-ba28-8edfe4164847
1487512556022	Marionette	INFO	sendAsync fa70aaed-0147-48e7-ba28-8edfe4164847
1487512556036	Marionette	INFO	sendAsync fa70aaed-0147-48e7-ba28-8edfe4164847
1487512556048	Marionette	INFO	sendAsync fa70aaed-0147-48e7-ba28-8edfe4164847
1487512556058	Marionette	INFO	sendAsync fa70aaed-0147-48e7-ba28-8edfe4164847
1487512558161	Marionette	INFO	sendAsync fa70aaed-0147-48e7-ba28-8edfe4164847
1487512558178	Marionette	INFO	sendAsync fa70aaed-0147-48e7-ba28-8edfe4164847
1487512558206	Marionette	INFO	sendAsync fa70aaed-0147-48e7-ba28-8edfe4164847
1487512558218	Marionette	INFO	sendAsync fa70aaed-0147-48e7-ba28-8edfe4164847
1487512558238	Marionette	INFO	sendAsync fa70aaed-0147-48e7-ba28-8edfe4164847
1487512558251	Marionette	INFO	sendAsync fa70aaed-0147-48e7-ba28-8edfe4164847
1487512558266	Marionette	INFO	sendAsync fa70aaed-0147-48e7-ba28-8edfe4164847
1487512558282	Marionette	INFO	sendAsync fa70aaed-0147-48e7-ba28-8edfe4164847
1487512558298	Marionette	INFO	sendAsync fa70aaed-0147-48e7-ba28-8edfe4164847
1487512560354	Marionette	INFO	sendAsync fa70aaed-0147-48e7-ba28-8edfe4164847
1487512562402	Marionette	INFO	sendAsync fa70aaed-0147-48e7-ba28-8edfe4164847
1487512562432	Marionette	INFO	sendAsync fa70aaed-0147-48e7-ba28-8edfe4164847
1487512562457	Marionette	INFO	sendAsync fa70aaed-0147-48e7-ba28-8edfe4164847
1487512562472	Marionette	INFO	sendAsync fa70aaed-0147-48e7-ba28-8edfe4164847
1487512562511	Marionette	INFO	sendAsync fa70aaed-0147-48e7-ba28-8edfe4164847
1487512562526	Marionette	INFO	sendAsync fa70aaed-0147-48e7-ba28-8edfe4164847
1487512562572	Marionette	INFO	sendAsync fa70aaed-0147-48e7-ba28-8edfe4164847
1487512562584	Marionette	INFO	sendAsync fa70aaed-0147-48e7-ba28-8edfe4164847
1487512562598	Marionette	INFO	sendAsync fa70aaed-0147-48e7-ba28-8edfe4164847
1487512562610	Marionette	INFO	sendAsync fa70aaed-0147-48e7-ba28-8edfe4164847
1487512562626	Marionette	INFO	sendAsync fa70aaed-0147-48e7-ba28-8edfe4164847
1487512562635	Marionette	INFO	sendAsync fa70aaed-0147-48e7-ba28-8edfe4164847
1487512562655	Marionette	INFO	sendAsync fa70aaed-0147-48e7-ba28-8edfe4164847
1487512562666	Marionette	INFO	sendAsync fa70aaed-0147-48e7-ba28-8edfe4164847
1487512562683	Marionette	INFO	sendAsync fa70aaed-0147-48e7-ba28-8edfe4164847
1487512562692	Marionette	INFO	sendAsync fa70aaed-0147-48e7-ba28-8edfe4164847
1487512562707	Marionette	INFO	sendAsync fa70aaed-0147-48e7-ba28-8edfe4164847
1487512562714	Marionette	INFO	sendAsync fa70aaed-0147-48e7-ba28-8edfe4164847
1487512562727	Marionette	INFO	sendAsync fa70aaed-0147-48e7-ba28-8edfe4164847
1487512562748	Marionette	INFO	sendAsync fa70aaed-0147-48e7-ba28-8edfe4164847
1487512562763	Marionette	INFO	sendAsync fa70aaed-0147-48e7-ba28-8edfe4164847
1487512562771	Marionette	INFO	sendAsync fa70aaed-0147-48e7-ba28-8edfe4164847
1487512562783	Marionette	INFO	sendAsync fa70aaed-0147-48e7-ba28-8edfe4164847
1487512562790	Marionette	INFO	sendAsync fa70aaed-0147-48e7-ba28-8edfe4164847
1487512562805	Marionette	INFO	sendAsync fa70aaed-0147-48e7-ba28-8edfe4164847
1487512562813	Marionette	INFO	sendAsync fa70aaed-0147-48e7-ba28-8edfe4164847
1487512562826	Marionette	INFO	sendAsync fa70aaed-0147-48e7-ba28-8edfe4164847
1487512562832	Marionette	INFO	sendAsync fa70aaed-0147-48e7-ba28-8edfe4164847
1487512562845	Marionette	INFO	sendAsync fa70aaed-0147-48e7-ba28-8edfe4164847
1487512562852	Marionette	INFO	sendAsync fa70aaed-0147-48e7-ba28-8edfe4164847
1487512562865	Marionette	INFO	sendAsync fa70aaed-0147-48e7-ba28-8edfe4164847
1487512562872	Marionette	INFO	sendAsync fa70aaed-0147-48e7-ba28-8edfe4164847
1487512562886	Marionette	INFO	sendAsync fa70aaed-0147-48e7-ba28-8edfe4164847
1487512562892	Marionette	INFO	sendAsync fa70aaed-0147-48e7-ba28-8edfe4164847
1487512562906	Marionette	INFO	sendAsync fa70aaed-0147-48e7-ba28-8edfe4164847
1487512562916	Marionette	INFO	sendAsync fa70aaed-0147-48e7-ba28-8edfe4164847
1487512562929	Marionette	INFO	sendAsync fa70aaed-0147-48e7-ba28-8edfe4164847
1487512562936	Marionette	INFO	sendAsync fa70aaed-0147-48e7-ba28-8edfe4164847
1487512562948	Marionette	INFO	sendAsync fa70aaed-0147-48e7-ba28-8edfe4164847
1487512562958	Marionette	INFO	sendAsync fa70aaed-0147-48e7-ba28-8edfe4164847
1487512562973	Marionette	INFO	sendAsync fa70aaed-0147-48e7-ba28-8edfe4164847
1487512562980	Marionette	INFO	sendAsync fa70aaed-0147-48e7-ba28-8edfe4164847
1487512562990	Marionette	INFO	sendAsync fa70aaed-0147-48e7-ba28-8edfe4164847
1487512563000	Marionette	INFO	sendAsync fa70aaed-0147-48e7-ba28-8edfe4164847
1487512563013	Marionette	INFO	sendAsync fa70aaed-0147-48e7-ba28-8edfe4164847
1487512563019	Marionette	INFO	sendAsync fa70aaed-0147-48e7-ba28-8edfe4164847
1487512563032	Marionette	INFO	sendAsync fa70aaed-0147-48e7-ba28-8edfe4164847
1487512563038	Marionette	INFO	sendAsync fa70aaed-0147-48e7-ba28-8edfe4164847
1487512563053	Marionette	INFO	sendAsync fa70aaed-0147-48e7-ba28-8edfe4164847
1487512563060	Marionette	INFO	sendAsync fa70aaed-0147-48e7-ba28-8edfe4164847
1487512563074	Marionette	INFO	sendAsync fa70aaed-0147-48e7-ba28-8edfe4164847
1487512563082	Marionette	INFO	sendAsync fa70aaed-0147-48e7-ba28-8edfe4164847
1487512563095	Marionette	INFO	sendAsync fa70aaed-0147-48e7-ba28-8edfe4164847
1487512563102	Marionette	INFO	sendAsync fa70aaed-0147-48e7-ba28-8edfe4164847
1487512563115	Marionette	INFO	sendAsync fa70aaed-0147-48e7-ba28-8edfe4164847
1487512563121	Marionette	INFO	sendAsync fa70aaed-0147-48e7-ba28-8edfe4164847
1487512563135	Marionette	INFO	sendAsync fa70aaed-0147-48e7-ba28-8edfe4164847
1487512563142	Marionette	INFO	sendAsync fa70aaed-0147-48e7-ba28-8edfe4164847
1487512563155	Marionette	INFO	sendAsync fa70aaed-0147-48e7-ba28-8edfe4164847
1487512563162	Marionette	INFO	sendAsync fa70aaed-0147-48e7-ba28-8edfe4164847
1487512563173	Marionette	INFO	sendAsync fa70aaed-0147-48e7-ba28-8edfe4164847
1487512563195	Marionette	INFO	sendAsync fa70aaed-0147-48e7-ba28-8edfe4164847
1487512563204	Marionette	INFO	sendAsync fa70aaed-0147-48e7-ba28-8edfe4164847
1487512563211	Marionette	INFO	sendAsync fa70aaed-0147-48e7-ba28-8edfe4164847
1487512563223	Marionette	INFO	sendAsync fa70aaed-0147-48e7-ba28-8edfe4164847
1487512563233	Marionette	INFO	sendAsync fa70aaed-0147-48e7-ba28-8edfe4164847
1487512563247	Marionette	INFO	sendAsync fa70aaed-0147-48e7-ba28-8edfe4164847
1487512563256	Marionette	INFO	sendAsync fa70aaed-0147-48e7-ba28-8edfe4164847
1487512563273	Marionette	INFO	sendAsync fa70aaed-0147-48e7-ba28-8edfe4164847
1487512563286	Marionette	INFO	sendAsync fa70aaed-0147-48e7-ba28-8edfe4164847
1487512563300	Marionette	INFO	sendAsync fa70aaed-0147-48e7-ba28-8edfe4164847
1487512563307	Marionette	INFO	sendAsync fa70aaed-0147-48e7-ba28-8edfe4164847
1487512563322	Marionette	INFO	sendAsync fa70aaed-0147-48e7-ba28-8edfe4164847
1487512563328	Marionette	INFO	sendAsync fa70aaed-0147-48e7-ba28-8edfe4164847
1487512563344	Marionette	INFO	sendAsync fa70aaed-0147-48e7-ba28-8edfe4164847
1487512563353	Marionette	INFO	sendAsync fa70aaed-0147-48e7-ba28-8edfe4164847
1487512563361	Marionette	INFO	sendAsync fa70aaed-0147-48e7-ba28-8edfe4164847
1487512565447	Marionette	INFO	sendAsync fa70aaed-0147-48e7-ba28-8edfe4164847
1487512565465	Marionette	INFO	sendAsync fa70aaed-0147-48e7-ba28-8edfe4164847
1487512565504	Marionette	INFO	sendAsync fa70aaed-0147-48e7-ba28-8edfe4164847
1487512565530	Marionette	INFO	sendAsync fa70aaed-0147-48e7-ba28-8edfe4164847
1487512565541	Marionette	INFO	sendAsync fa70aaed-0147-48e7-ba28-8edfe4164847
1487512565549	Marionette	INFO	sendAsync fa70aaed-0147-48e7-ba28-8edfe4164847
1487512565562	Marionette	INFO	sendAsync fa70aaed-0147-48e7-ba28-8edfe4164847
1487512565569	Marionette	INFO	sendAsync fa70aaed-0147-48e7-ba28-8edfe4164847
1487512565582	Marionette	INFO	sendAsync fa70aaed-0147-48e7-ba28-8edfe4164847
1487512565590	Marionette	INFO	sendAsync fa70aaed-0147-48e7-ba28-8edfe4164847
1487512565606	Marionette	INFO	sendAsync fa70aaed-0147-48e7-ba28-8edfe4164847
1487512567658	Marionette	INFO	sendAsync fa70aaed-0147-48e7-ba28-8edfe4164847
1487512569711	Marionette	INFO	sendAsync fa70aaed-0147-48e7-ba28-8edfe4164847
1487512569744	Marionette	INFO	sendAsync fa70aaed-0147-48e7-ba28-8edfe4164847
1487512569776	Marionette	INFO	sendAsync fa70aaed-0147-48e7-ba28-8edfe4164847
1487512569797	Marionette	INFO	sendAsync fa70aaed-0147-48e7-ba28-8edfe4164847
1487512569826	Marionette	INFO	sendAsync fa70aaed-0147-48e7-ba28-8edfe4164847
1487512569834	Marionette	INFO	sendAsync fa70aaed-0147-48e7-ba28-8edfe4164847
1487512569849	Marionette	INFO	sendAsync fa70aaed-0147-48e7-ba28-8edfe4164847
1487512569857	Marionette	INFO	sendAsync fa70aaed-0147-48e7-ba28-8edfe4164847
1487512569866	Marionette	INFO	sendAsync fa70aaed-0147-48e7-ba28-8edfe4164847
1487512569881	Marionette	INFO	sendAsync fa70aaed-0147-48e7-ba28-8edfe4164847
1487512569896	Marionette	INFO	sendAsync fa70aaed-0147-48e7-ba28-8edfe4164847
1487512569907	Marionette	INFO	sendAsync fa70aaed-0147-48e7-ba28-8edfe4164847
1487512569922	Marionette	INFO	sendAsync fa70aaed-0147-48e7-ba28-8edfe4164847
1487512569929	Marionette	INFO	sendAsync fa70aaed-0147-48e7-ba28-8edfe4164847
1487512569941	Marionette	INFO	sendAsync fa70aaed-0147-48e7-ba28-8edfe4164847
1487512569949	Marionette	INFO	sendAsync fa70aaed-0147-48e7-ba28-8edfe4164847
1487512569965	Marionette	INFO	sendAsync fa70aaed-0147-48e7-ba28-8edfe4164847
1487512569973	Marionette	INFO	sendAsync fa70aaed-0147-48e7-ba28-8edfe4164847
1487512569987	Marionette	INFO	sendAsync fa70aaed-0147-48e7-ba28-8edfe4164847
1487512569995	Marionette	INFO	sendAsync fa70aaed-0147-48e7-ba28-8edfe4164847
1487512590111	Marionette	INFO	sendAsync fa70aaed-0147-48e7-ba28-8edfe4164847
1487512590126	Marionette	INFO	sendAsync fa70aaed-0147-48e7-ba28-8edfe4164847
1487512590134	Marionette	INFO	sendAsync fa70aaed-0147-48e7-ba28-8edfe4164847
1487512592188	Marionette	INFO	sendAsync fa70aaed-0147-48e7-ba28-8edfe4164847
1487512592205	Marionette	INFO	sendAsync fa70aaed-0147-48e7-ba28-8edfe4164847
1487512592226	Marionette	INFO	sendAsync fa70aaed-0147-48e7-ba28-8edfe4164847
1487512592239	Marionette	INFO	sendAsync fa70aaed-0147-48e7-ba28-8edfe4164847
1487512592248	Marionette	INFO	sendAsync fa70aaed-0147-48e7-ba28-8edfe4164847
1487512592255	Marionette	INFO	sendAsync fa70aaed-0147-48e7-ba28-8edfe4164847
1487512592266	Marionette	INFO	sendAsync fa70aaed-0147-48e7-ba28-8edfe4164847
</system-err>
  </testcase>
</testsuite>