<?xml version="1.0" encoding="UTF-8" ?>
<testsuite tests="2" failures="2" name="Org.Project.SpiceJet_Test.HomePageTest" time="9.331" errors="0" skipped="0">
  <properties>
    <property name="java.vendor" value="Oracle Corporation"/>
    <property name="JOB_NAME" value="GitIntegration"/>
    <property name="sun.java.launcher" value="SUN_STANDARD"/>
    <property name="NUMBER_OF_PROCESSORS" value="4"/>
    <property name="sun.management.compiler" value="HotSpot 64-Bit Tiered Compilers"/>
    <property name="JENKINS_HOME" value="C:\Users\Vishnu P C\.jenkins"/>
    <property name="HUDSON_SERVER_COOKIE" value="0b17db71ef085a75"/>
    <property name="os.name" value="Windows 8.1"/>
    <property name="sun.boot.class.path" value="C:\Program Files\Java\jdk1.8.0_60\jre\lib\resources.jar;C:\Program Files\Java\jdk1.8.0_60\jre\lib\rt.jar;C:\Program Files\Java\jdk1.8.0_60\jre\lib\sunrsasign.jar;C:\Program Files\Java\jdk1.8.0_60\jre\lib\jsse.jar;C:\Program Files\Java\jdk1.8.0_60\jre\lib\jce.jar;C:\Program Files\Java\jdk1.8.0_60\jre\lib\charsets.jar;C:\Program Files\Java\jdk1.8.0_60\jre\lib\jfr.jar;C:\Program Files\Java\jdk1.8.0_60\jre\classes"/>
    <property name="EXECUTOR_NUMBER" value="0"/>
    <property name="sun.desktop" value="windows"/>
    <property name="PATHEXT" value=".COM;.EXE;.BAT;.CMD;.VBS;.VBE;.JS;.JSE;.WSF;.WSH;.MSC"/>
    <property name="java.vm.specification.vendor" value="Oracle Corporation"/>
    <property name="NODE_LABELS" value="master"/>
    <property name="TEMP" value="C:\Users\VISHNU~1\AppData\Local\Temp"/>
    <property name="java.runtime.version" value="1.8.0_60-b27"/>
    <property name="user.name" value="Vishnu P C"/>
    <property name="guice.disable.misplaced.annotation.check" value="true"/>
    <property name="CommonProgramW6432" value="C:\Program Files\Common Files"/>
    <property name="ProgramFiles" value="C:\Program Files"/>
    <property name="PROMPT" value="$P$G"/>
    <property name="user.language" value="en"/>
    <property name="JOB_BASE_NAME" value="GitIntegration"/>
    <property name="RUN_CHANGES_DISPLAY_URL" value="http://localhost:8082/job/GitIntegration/1/display/redirect?page=changes"/>
    <property name="BUILD_DISPLAY_NAME" value="#1"/>
    <property name="sun.boot.library.path" value="C:\Program Files\Java\jdk1.8.0_60\jre\bin"/>
    <property name="LOCALAPPDATA" value="C:\Users\Vishnu P C\AppData\Local"/>
    <property name="java.version" value="1.8.0_60"/>
    <property name="PROCESSOR_LEVEL" value="6"/>
    <property name="user.timezone" value="Asia/Calcutta"/>
    <property name="USERNAME" value="Vishnu P C"/>
    <property name="sun.arch.data.model" value="64"/>
    <property name="NODE_NAME" value="master"/>
    <property name="java.endorsed.dirs" value="C:\Program Files\Java\jdk1.8.0_60\jre\lib\endorsed"/>
    <property name="BUILD_ID" value="1"/>
    <property name="sun.cpu.isalist" value="amd64"/>
    <property name="sun.jnu.encoding" value="Cp1252"/>
    <property name="file.encoding.pkg" value="sun.io"/>
    <property name="file.separator" value="\"/>
    <property name="java.specification.name" value="Java Platform API Specification"/>
    <property name="HOMEDRIVE" value="C:"/>
    <property name="java.class.version" value="52.0"/>
    <property name="=::" value="::\"/>
    <property name="org.slf4j.simpleLogger.defaultLogLevel" value="info"/>
    <property name="user.country" value="US"/>
    <property name="ALLUSERSPROFILE" value="C:\ProgramData"/>
    <property name="java.home" value="C:\Program Files\Java\jdk1.8.0_60\jre"/>
    <property name="java.vm.info" value="mixed mode"/>
    <property name="os.version" value="6.3"/>
    <property name="RUN_DISPLAY_URL" value="http://localhost:8082/job/GitIntegration/1/display/redirect"/>
    <property name="TMP" value="C:\Users\VISHNU~1\AppData\Local\Temp"/>
    <property name="path.separator" value=";"/>
    <property name="java.vm.version" value="25.60-b23"/>
    <property name="AMDAPPSDKROOT" value="C:\Program Files (x86)\AMD APP\"/>
    <property name="user.variant" value=""/>
    <property name="JOB_DISPLAY_URL" value="http://localhost:8082/job/GitIntegration/display/redirect"/>
    <property name="CommonProgramFiles(x86)" value="C:\Program Files (x86)\Common Files"/>
    <property name="USERDOMAIN_ROAMINGPROFILE" value="Vishnu"/>
    <property name="java.awt.printerjob" value="sun.awt.windows.WPrinterJob"/>
    <property name="FP_NO_HOST_CHECK" value="NO"/>
    <property name="JAVA_HOME" value="C:\Program Files\Java\jdk1.8.0_60"/>
    <property name="sun.io.unicode.encoding" value="UnicodeLittle"/>
    <property name="CommonProgramFiles" value="C:\Program Files\Common Files"/>
    <property name="ComSpec" value="C:\WINDOWS\system32\cmd.exe"/>
    <property name="HOMEPATH" value="\Users\Vishnu P C"/>
    <property name="awt.toolkit" value="sun.awt.windows.WToolkit"/>
    <property name="COMPUTERNAME" value="VISHNU"/>
    <property name="user.script" value=""/>
    <property name="PUBLIC" value="C:\Users\Public"/>
    <property name="user.home" value="C:\Users\Vishnu P C"/>
    <property name="BUILD_TAG" value="jenkins-GitIntegration-1"/>
    <property name="JENKINS_SERVER_COOKIE" value="0b17db71ef085a75"/>
    <property name="HUDSON_URL" value="http://localhost:8082/"/>
    <property name="ProgramData" value="C:\ProgramData"/>
    <property name="java.specification.vendor" value="Oracle Corporation"/>
    <property name="USERPROFILE" value="C:\Users\Vishnu P C"/>
    <property name="CLASSPATH" value=""/>
    <property name="java.vendor.url" value="http://java.oracle.com/"/>
    <property name="java.library.path" value="C:\Program Files\Java\jdk1.8.0_60\bin;C:\WINDOWS\Sun\Java\bin;C:\WINDOWS\system32;C:\WINDOWS;D:\MyJava\apache-maven-3.3.3/bin;C:\Program Files\Java\jdk1.8.0_60/bin;C:\Program Files\Java\jdk1.8.0_60/bin;C:\oraclexe\app\oracle\product\10.2.0\server\bin;C:\Program Files (x86)\AMD APP\bin\x86_64;C:\Program Files (x86)\AMD APP\bin\x86;C:\Program Files (x86)\Intel\iCLS Client\;C:\Program Files\Intel\iCLS Client\;C:\WINDOWS\system32;C:\WINDOWS;C:\WINDOWS\System32\Wbem;C:\WINDOWS\System32\WindowsPowerShell\v1.0\;C:\Program Files\Intel\Intel(R) Management Engine Components\DAL;C:\Program Files\Intel\Intel(R) Management Engine Components\IPT;C:\Program Files (x86)\Intel\Intel(R) Management Engine Components\DAL;C:\Program Files (x86)\Intel\Intel(R) Management Engine Components\IPT;C:\Program Files (x86)\Intel\OpenCL SDK\2.0\bin\x86;C:\Program Files (x86)\Intel\OpenCL SDK\2.0\bin\x64;C:\Program Files (x86)\ATI Technologies\ATI.ACE\Core-Static;C:\Program Files (x86)\Microsoft SQL Server\100\Tools\Binn\;C:\Program Files\Microsoft SQL Server\100\Tools\Binn\;C:\Program Files\Microsoft SQL Server\100\DTS\Binn\;C:\Program Files (x86)\Microsoft SQL Server\100\Tools\Binn\VSShell\Common7\IDE\;C:\Program Files (x86)\Microsoft Visual Studio 9.0\Common7\IDE\PrivateAssemblies\;C:\Program Files (x86)\Microsoft SQL Server\100\DTS\Binn\;C:\Program Files\Java\jdk1.8.0_60\bin;C:\Program Files\Intel\WiFi\bin\;C:\Program Files\Common Files\Intel\WirelessCommon\;D:\MyJava\apache-maven-3.3.3\bin;C:\Program Files\Java\jdk1.8.0_60\bin;C:\Program Files (x86)\Common Files\lenovo\easyplussdk\bin;C:\Program Files (x86)\Skype\Phone\;C:\Program Files\Git\cmd;."/>
    <property name="CLASS_PATH" value="C:\Program Files\Java\jdk1.8.0_60\lib;"/>
    <property name="java.vm.vendor" value="Oracle Corporation"/>
    <property name="APPDATA" value="C:\Users\Vishnu P C\AppData\Roaming"/>
    <property name="java.runtime.name" value="Java(TM) SE Runtime Environment"/>
    <property name="maven.home" value="D:\MyJava\apache-maven-3.3.3"/>
    <property name="java.class.path" value="C:\Users\Vishnu P C\.jenkins\plugins\maven-plugin\WEB-INF\lib\maven31-agent-1.5.jar;D:\MyJava\apache-maven-3.3.3\boot\plexus-classworlds-2.5.2.jar;D:\MyJava\apache-maven-3.3.3/conf/logging"/>
    <property name="sun.java.command" value="jenkins.maven3.agent.Maven31Main D:\MyJava\apache-maven-3.3.3 C:\Users\Vishnu P C\.jenkins\war\WEB-INF\lib\remoting-3.4.1.jar C:\Users\Vishnu P C\.jenkins\plugins\maven-plugin\WEB-INF\lib\maven31-interceptor-1.5.jar C:\Users\Vishnu P C\.jenkins\plugins\maven-plugin\WEB-INF\lib\maven3-interceptor-commons-1.5.jar 58557"/>
    <property name="Path" value="C:\Program Files\Java\jdk1.8.0_60/bin;C:\oraclexe\app\oracle\product\10.2.0\server\bin;C:\Program Files (x86)\AMD APP\bin\x86_64;C:\Program Files (x86)\AMD APP\bin\x86;C:\Program Files (x86)\Intel\iCLS Client\;C:\Program Files\Intel\iCLS Client\;C:\WINDOWS\system32;C:\WINDOWS;C:\WINDOWS\System32\Wbem;C:\WINDOWS\System32\WindowsPowerShell\v1.0\;C:\Program Files\Intel\Intel(R) Management Engine Components\DAL;C:\Program Files\Intel\Intel(R) Management Engine Components\IPT;C:\Program Files (x86)\Intel\Intel(R) Management Engine Components\DAL;C:\Program Files (x86)\Intel\Intel(R) Management Engine Components\IPT;C:\Program Files (x86)\Intel\OpenCL SDK\2.0\bin\x86;C:\Program Files (x86)\Intel\OpenCL SDK\2.0\bin\x64;C:\Program Files (x86)\ATI Technologies\ATI.ACE\Core-Static;C:\Program Files (x86)\Microsoft SQL Server\100\Tools\Binn\;C:\Program Files\Microsoft SQL Server\100\Tools\Binn\;C:\Program Files\Microsoft SQL Server\100\DTS\Binn\;C:\Program Files (x86)\Microsoft SQL Server\100\Tools\Binn\VSShell\Common7\IDE\;C:\Program Files (x86)\Microsoft Visual Studio 9.0\Common7\IDE\PrivateAssemblies\;C:\Program Files (x86)\Microsoft SQL Server\100\DTS\Binn\;C:\Program Files\Java\jdk1.8.0_60\bin;C:\Program Files\Intel\WiFi\bin\;C:\Program Files\Common Files\Intel\WirelessCommon\;D:\MyJava\apache-maven-3.3.3\bin;C:\Program Files\Java\jdk1.8.0_60\bin;C:\Program Files (x86)\Common Files\lenovo\easyplussdk\bin;C:\Program Files (x86)\Skype\Phone\;C:\Program Files\Git\cmd"/>
    <property name="java.vm.specification.name" value="Java Virtual Machine Specification"/>
    <property name="PROCESSOR_ARCHITECTURE" value="AMD64"/>
    <property name="PATH+JDK" value="C:\Program Files\Java\jdk1.8.0_60/bin"/>
    <property name="PROCESSOR_IDENTIFIER" value="Intel64 Family 6 Model 58 Stepping 9, GenuineIntel"/>
    <property name="SESSIONNAME" value="Console"/>
    <property name="java.vm.specification.version" value="1.8"/>
    <property name="sun.os.patch.level" value=""/>
    <property name="sun.cpu.endian" value="little"/>
    <property name="M2_HOME" value="D:\MyJava\apache-maven-3.3.3"/>
    <property name="java.io.tmpdir" value="C:\Users\VISHNU~1\AppData\Local\Temp\"/>
    <property name="OS" value="Windows_NT"/>
    <property name="HUDSON_HOME" value="C:\Users\Vishnu P C\.jenkins"/>
    <property name="PATH+MAVEN" value="D:\MyJava\apache-maven-3.3.3/bin"/>
    <property name="ProgramFiles(x86)" value="C:\Program Files (x86)"/>
    <property name="BUILD_URL" value="http://localhost:8082/job/GitIntegration/1/"/>
    <property name="java.vendor.url.bug" value="http://bugreport.sun.com/bugreport/"/>
    <property name="java.awt.graphicsenv" value="sun.awt.Win32GraphicsEnvironment"/>
    <property name="os.arch" value="amd64"/>
    <property name="SystemRoot" value="C:\WINDOWS"/>
    <property name="java.ext.dirs" value="C:\Program Files\Java\jdk1.8.0_60\jre\lib\ext;C:\WINDOWS\Sun\Java\lib\ext"/>
    <property name="user.dir" value="C:\Users\Vishnu P C\workspace\Spicejet"/>
    <property name="JOB_URL" value="http://localhost:8082/job/GitIntegration/"/>
    <property name="LOGONSERVER" value="\\VISHNU"/>
    <property name="USERDOMAIN" value="Vishnu"/>
    <property name="line.separator" value="
"/>
    <property name="MAVEN_HOME" value="D:\MyJava\apache-maven-3.3.3"/>
    <property name="java.vm.name" value="Java HotSpot(TM) 64-Bit Server VM"/>
    <property name="BUILD_NUMBER" value="1"/>
    <property name="JENKINS_URL" value="http://localhost:8082/"/>
    <property name="PROCESSOR_REVISION" value="3a09"/>
    <property name="GIT_BRANCH" value="origin/master"/>
    <property name="ProgramW6432" value="C:\Program Files"/>
    <property name="windir" value="C:\WINDOWS"/>
    <property name="GIT_COMMIT" value="75817d6afc587ee3364e67f709923e7213a6bc43"/>
    <property name="=C:" value="C:\Users\Vishnu P C\Downloads"/>
    <property name="file.encoding" value="Cp1252"/>
    <property name="GIT_HOME" value="C:\Program Files\Git\bin"/>
    <property name="SystemDrive" value="C:"/>
    <property name="maven3.interceptor" value="C:\Users\Vishnu P C\.jenkins\plugins\maven-plugin\WEB-INF\lib\maven31-interceptor-1.5.jar"/>
    <property name="WORKSPACE" value="C:\Users\Vishnu P C\.jenkins\jobs\GitIntegration\workspace"/>
    <property name="maven3.interceptor.common" value="C:\Users\Vishnu P C\.jenkins\plugins\maven-plugin\WEB-INF\lib\maven3-interceptor-commons-1.5.jar"/>
    <property name="java.specification.version" value="1.8"/>
    <property name="PSModulePath" value="C:\WINDOWS\system32\WindowsPowerShell\v1.0\Modules\"/>
    <property name="easyplussdk" value="&quot;C:\Program Files (x86)\Common Files\lenovo\easyplussdk\bin&quot;"/>
    <property name="GIT_URL" value="https://github.com/vishnuqa23/Spicevishnu.git"/>
  </properties>
  <testcase classname="Org.Project.SpiceJet_Test.HomePageTest" name="verifyAllState" time="4.658">
    <failure message="Failed to decode response from marionette (WARNING: The server did not provide any stacktrace information)
Command duration or timeout: 140 milliseconds
Build info: version: &apos;unknown&apos;, revision: &apos;31c43c8&apos;, time: &apos;2016-08-02 21:57:56 -0700&apos;
System info: host: &apos;Vishnu&apos;, ip: &apos;192.168.1.6&apos;, os.name: &apos;Windows 8.1&apos;, os.arch: &apos;amd64&apos;, os.version: &apos;6.3&apos;, java.version: &apos;1.8.0_60&apos;
Driver info: org.openqa.selenium.firefox.FirefoxDriver
Capabilities [{rotatable=false, raisesAccessibilityExceptions=false, appBuildId=20160726073904, version=, platform=XP, proxy={}, command_id=1, specificationLevel=0, acceptSslCerts=false, browserVersion=48.0, platformVersion=6.3, XULappId={ec8030f7-c20a-464f-9b0e-13a3a9e97384}, browserName=Firefox, takesScreenshot=true, takesElementScreenshot=true, platformName=Windows_NT, device=desktop}]
Session ID: b2cff003-37b3-463d-95e0-495002b20482
*** Element info: {Using=xpath, value=//div[@id=&apos;glsctl00_mainContent_ddl_destinationStation1_CTNR&apos;]/table/tbody/tr[2]/td/div[3]/div[1]/div/ul}" type="org.openqa.selenium.WebDriverException">org.openqa.selenium.WebDriverException: Failed to decode response from marionette (WARNING: The server did not provide any stacktrace information)
Command duration or timeout: 140 milliseconds
Build info: version: &apos;unknown&apos;, revision: &apos;31c43c8&apos;, time: &apos;2016-08-02 21:57:56 -0700&apos;
System info: host: &apos;Vishnu&apos;, ip: &apos;192.168.1.6&apos;, os.name: &apos;Windows 8.1&apos;, os.arch: &apos;amd64&apos;, os.version: &apos;6.3&apos;, java.version: &apos;1.8.0_60&apos;
Driver info: org.openqa.selenium.firefox.FirefoxDriver
Capabilities [{rotatable=false, raisesAccessibilityExceptions=false, appBuildId=20160726073904, version=, platform=XP, proxy={}, command_id=1, specificationLevel=0, acceptSslCerts=false, browserVersion=48.0, platformVersion=6.3, XULappId={ec8030f7-c20a-464f-9b0e-13a3a9e97384}, browserName=Firefox, takesScreenshot=true, takesElementScreenshot=true, platformName=Windows_NT, device=desktop}]
Session ID: b2cff003-37b3-463d-95e0-495002b20482
*** Element info: {Using=xpath, value=//div[@id=&apos;glsctl00_mainContent_ddl_destinationStation1_CTNR&apos;]/table/tbody/tr[2]/td/div[3]/div[1]/div/ul}
	at sun.reflect.NativeConstructorAccessorImpl.newInstance0(Native Method)
	at sun.reflect.NativeConstructorAccessorImpl.newInstance(NativeConstructorAccessorImpl.java:62)
	at sun.reflect.DelegatingConstructorAccessorImpl.newInstance(DelegatingConstructorAccessorImpl.java:45)
	at java.lang.reflect.Constructor.newInstance(Constructor.java:422)
	at org.openqa.selenium.remote.ErrorHandler.createThrowable(ErrorHandler.java:206)
	at org.openqa.selenium.remote.ErrorHandler.throwIfResponseFailed(ErrorHandler.java:158)
	at org.openqa.selenium.remote.RemoteWebDriver.execute(RemoteWebDriver.java:683)
	at org.openqa.selenium.remote.RemoteWebDriver.findElements(RemoteWebDriver.java:402)
	at org.openqa.selenium.remote.RemoteWebDriver.findElementsByXPath(RemoteWebDriver.java:510)
	at org.openqa.selenium.By$ByXPath.findElements(By.java:356)
	at org.openqa.selenium.remote.RemoteWebDriver.findElements(RemoteWebDriver.java:365)
	at org.openqa.selenium.support.pagefactory.DefaultElementLocator.findElements(DefaultElementLocator.java:85)
	at org.openqa.selenium.support.pagefactory.internal.LocatingElementListHandler.invoke(LocatingElementListHandler.java:36)
	at com.sun.proxy.$Proxy6.size(Unknown Source)
	at Org.Project.SpicejetPageObjects.Homepage_Objects.compareStates(Homepage_Objects.java:61)
	at Org.Project.SpiceJet_Test.HomePageTest.verifyAllState(HomePageTest.java:52)
</failure>
    <system-out>Configuring TestNG with: org.apache.maven.surefire.testng.conf.TestNG652Configurator@7960847b
</system-out>
    <system-err>[GFX1-]: PossiblyBrokenSurfaceSharing_UnexpectedAMDGPU
[GFX1-]: PossiblyBrokenSurfaceSharing_UnexpectedAMDGPU
1487780710562	Marionette	INFO	Listening on port 58561
[GFX1-]: PossiblyBrokenSurfaceSharing_UnexpectedAMDGPU
[GFX1-]: PossiblyBrokenSurfaceSharing_UnexpectedAMDGPU
1487780714588	Marionette	INFO	startBrowser b2cff003-37b3-463d-95e0-495002b20482
1487780714601	Marionette	INFO	sendAsync b2cff003-37b3-463d-95e0-495002b20482
1487780715142	Marionette	INFO	sendAsync b2cff003-37b3-463d-95e0-495002b20482
1487780715219	Marionette	INFO	sendAsync b2cff003-37b3-463d-95e0-495002b20482
JavaScript warning: http://spicejet.com/, line 2200: SyntaxError: 09 is not a legal ECMA-262 octal constant
JavaScript warning: http://spicejet.com/, line 2200: SyntaxError: 09 is not a legal ECMA-262 octal constant
1487780720334	Marionette	INFO	sendAsync b2cff003-37b3-463d-95e0-495002b20482
1487780720386	Marionette	INFO	sendAsync b2cff003-37b3-463d-95e0-495002b20482
1487780720473	Marionette	INFO	sendAsync b2cff003-37b3-463d-95e0-495002b20482
1487780720529	Marionette	INFO	sendAsync b2cff003-37b3-463d-95e0-495002b20482
1487780720548	Marionette	INFO	sendAsync b2cff003-37b3-463d-95e0-495002b20482
1487780720560	Marionette	INFO	sendAsync b2cff003-37b3-463d-95e0-495002b20482
1487780720587	Marionette	INFO	sendAsync b2cff003-37b3-463d-95e0-495002b20482
1487780720596	Marionette	INFO	sendAsync b2cff003-37b3-463d-95e0-495002b20482
1487780720613	Marionette	INFO	sendAsync b2cff003-37b3-463d-95e0-495002b20482
1487780720629	Marionette	INFO	sendAsync b2cff003-37b3-463d-95e0-495002b20482
1487780720648	Marionette	INFO	sendAsync b2cff003-37b3-463d-95e0-495002b20482
1487780722721	Marionette	INFO	sendAsync b2cff003-37b3-463d-95e0-495002b20482
[Child 356] WARNING: pipe error: 109: file c:/builds/moz2_slave/m-rel-w32-00000000000000000000/build/src/ipc/chromium/src/chrome/common/ipc_channel_win.cc, line 343
ERROR:geckodriver::marionette: Failed to kill browser process
</system-err>
  </testcase>
  <testcase classname="Org.Project.SpiceJet_Test.HomePageTest" name="teardown" time="4.673">
    <failure type="java.lang.Exception">java.lang.Exception
	at Org.Project.Spicejet.UtilityFunctions.takeScreenshot(UtilityFunctions.java:61)
	at Org.Project.SpiceJet_Test.HomePageTest.teardown(HomePageTest.java:36)
</failure>
  </testcase>
</testsuite>